
/home/runner/work/exp-single-span-beams-iiith/exp-single-span-beams-iiith/experiment/simulation/js/MorphSVGPlugin3.min.js
   10:68   warning  'exports' is not defined                                         no-undef
   10:110  warning  'define' is not defined                                          no-undef
   10:123  warning  'define' is not defined                                          no-undef
   17:44   warning  Unnecessary escape character: \-                                 no-useless-escape
   18:35   warning  Unnecessary escape character: \-                                 no-useless-escape
   19:15   warning  Unnecessary escape character: \+                                 no-useless-escape
   19:17   warning  Unnecessary escape character: \-                                 no-useless-escape
   19:32   warning  Unnecessary escape character: \+                                 no-useless-escape
   19:34   warning  Unnecessary escape character: \-                                 no-useless-escape
   20:18   warning  Unnecessary escape character: \.                                 no-useless-escape
  364:18   warning  Unnecessary escape character: \.                                 no-useless-escape
  364:26   warning  Unnecessary escape character: \.                                 no-useless-escape
  364:31   warning  Unnecessary escape character: \+                                 no-useless-escape
  364:42   warning  Unnecessary escape character: \+                                 no-useless-escape
  365:18   warning  Unnecessary escape character: \.                                 no-useless-escape
  407:109  warning  Expected a conditional expression and instead saw an assignment  no-cond-assign

/home/runner/work/exp-single-span-beams-iiith/exp-single-span-beams-iiith/experiment/simulation/js/animations.js
    2:10  warning  'moveArrowDown' is defined but never used   no-unused-vars
   23:10  warning  'animateObserve' is defined but never used  no-unused-vars
   25:5   warning  'anime' is not defined                      no-undef
   28:28  warning  'anime' is not defined                      no-undef
   31:16  warning  'anime' is not defined                      no-undef
   44:10  warning  'cantiPlBeam' is defined but never used     no-unused-vars
   46:9   warning  'tween' is assigned a value but never used  no-unused-vars
   46:17  warning  'KUTE' is not defined                       no-undef
   61:10  warning  'cantiUdlBeam' is defined but never used    no-unused-vars
   63:9   warning  'tween' is assigned a value but never used  no-unused-vars
   63:17  warning  'KUTE' is not defined                       no-undef
   79:10  warning  'fixedPlBeam' is defined but never used     no-unused-vars
   81:9   warning  'tween' is assigned a value but never used  no-unused-vars
   81:17  warning  'KUTE' is not defined                       no-undef
   96:10  warning  'fixedUdlBeam' is defined but never used    no-unused-vars
   98:9   warning  'tween' is assigned a value but never used  no-unused-vars
   98:17  warning  'KUTE' is not defined                       no-undef
  113:10  warning  'onessPlBeam' is defined but never used     no-unused-vars
  115:9   warning  'tween' is assigned a value but never used  no-unused-vars
  115:17  warning  'KUTE' is not defined                       no-undef
  130:10  warning  'onessUdlBeam' is defined but never used    no-unused-vars
  132:9   warning  'tween' is assigned a value but never used  no-unused-vars
  132:17  warning  'KUTE' is not defined                       no-undef
  147:10  warning  'twossPlBeam' is defined but never used     no-unused-vars
  149:9   warning  'tween' is assigned a value but never used  no-unused-vars
  149:17  warning  'KUTE' is not defined                       no-undef
  164:10  warning  'twossUdlBeam' is defined but never used    no-unused-vars
  166:9   warning  'tween' is assigned a value but never used  no-unused-vars
  166:17  warning  'KUTE' is not defined                       no-undef

/home/runner/work/exp-single-span-beams-iiith/exp-single-span-beams-iiith/experiment/simulation/js/bulma-slider.min.js
  1:66    warning  'module' is not defined        no-undef
  1:112   warning  'define' is not defined        no-undef
  1:123   warning  'define' is not defined        no-undef
  1:161   warning  'exports' is not defined       no-undef
  1:1622  warning  't' is defined but never used  no-unused-vars
  1:4532  warning  'n' is defined but never used  no-unused-vars

/home/runner/work/exp-single-span-beams-iiith/exp-single-span-beams-iiith/experiment/simulation/js/main.js
   23:10  warning  'onSelection' is defined but never used                    no-unused-vars
   48:10  warning  'showObservations' is defined but never used               no-unused-vars
   53:5   warning  'animateObserve' is not defined                            no-undef
   58:5   warning  'previousClickedarrow' is assigned a value but never used  no-unused-vars
   71:10  warning  'playSimulation' is defined but never used                 no-unused-vars
   90:26  warning  'i' is already defined                                     no-redeclare
   97:26  warning  'i' is already defined                                     no-redeclare
  103:26  warning  'i' is already defined                                     no-redeclare
  109:26  warning  'i' is already defined                                     no-redeclare
  117:17  warning  'moveArrowDown' is not defined                             no-undef
  118:23  warning  'myTimeout' is assigned a value but never used             no-unused-vars
  123:17  warning  'cantiPlBeam' is not defined                               no-undef
  132:17  warning  'animateObserve' is not defined                            no-undef
  133:17  warning  'animateObserve' is not defined                            no-undef
  140:17  warning  'moveArrowDown' is not defined                             no-undef
  141:23  warning  'myTimeout' is assigned a value but never used             no-unused-vars
  146:17  warning  'cantiUdlBeam' is not defined                              no-undef
  151:17  warning  'animateObserve' is not defined                            no-undef
  152:17  warning  'animateObserve' is not defined                            no-undef
  158:17  warning  'moveArrowDown' is not defined                             no-undef
  159:23  warning  'myTimeout' is assigned a value but never used             no-unused-vars
  163:17  warning  'fixedPlBeam' is not defined                               no-undef
  168:17  warning  'animateObserve' is not defined                            no-undef
  169:17  warning  'animateObserve' is not defined                            no-undef
  176:17  warning  'moveArrowDown' is not defined                             no-undef
  177:23  warning  'myTimeout' is assigned a value but never used             no-unused-vars
  181:17  warning  'fixedUdlBeam' is not defined                              no-undef
  186:17  warning  'animateObserve' is not defined                            no-undef
  187:17  warning  'animateObserve' is not defined                            no-undef
  193:17  warning  'moveArrowDown' is not defined                             no-undef
  194:23  warning  'myTimeout' is assigned a value but never used             no-unused-vars
  198:17  warning  'onessPlBeam' is not defined                               no-undef
  203:17  warning  'animateObserve' is not defined                            no-undef
  204:17  warning  'animateObserve' is not defined                            no-undef
  213:17  warning  'moveArrowDown' is not defined                             no-undef
  214:23  warning  'myTimeout' is assigned a value but never used             no-unused-vars
  218:17  warning  'onessUdlBeam' is not defined                              no-undef
  223:17  warning  'animateObserve' is not defined                            no-undef
  224:17  warning  'animateObserve' is not defined                            no-undef
  230:17  warning  'moveArrowDown' is not defined                             no-undef
  231:23  warning  'myTimeout' is assigned a value but never used             no-unused-vars
  235:17  warning  'twossPlBeam' is not defined                               no-undef
  240:17  warning  'animateObserve' is not defined                            no-undef
  241:17  warning  'animateObserve' is not defined                            no-undef
  248:17  warning  'moveArrowDown' is not defined                             no-undef
  249:23  warning  'myTimeout' is assigned a value but never used             no-unused-vars
  253:17  warning  'twossUdlBeam' is not defined                              no-undef
  258:17  warning  'animateObserve' is not defined                            no-undef
  259:17  warning  'animateObserve' is not defined                            no-undef

/home/runner/work/exp-single-span-beams-iiith/exp-single-span-beams-iiith/experiment/simulation/js/matter.js
     30:3   warning  'module' is not defined                                     no-undef
     31:42  warning  'define' is not defined                                     no-undef
     32:3   warning  'define' is not defined                                     no-undef
     34:3   warning  'exports' is not defined                                    no-undef
    124:10  warning  Unexpected newline between function and ( of function call  no-unexpected-multiline
    126:25  warning  'exports' is defined but never used                         no-unused-vars
    155:13  warning  'args' is defined but never used                            no-unused-vars
    729:26  warning  'global' is not defined                                     no-undef
    743:25  warning  'exports' is defined but never used                         no-unused-vars
    869:25  warning  'exports' is defined but never used                         no-unused-vars
   2445:5   warning  'Render' is assigned a value but never used                 no-unused-vars
   5588:29  warning  'boundsA' is already defined                                no-redeclare
   5592:33  warning  'boundsB' is already defined                                no-redeclare
   5599:33  warning  'collision' is already defined                              no-redeclare
   6347:37  warning  'time' is defined but never used                            no-unused-vars
   6486:46  warning  'time' is defined but never used                            no-unused-vars
   6738:13  warning  'engine' is assigned a value but never used                 no-unused-vars
   6895:13  warning  'part' is defined but never used                            no-unused-vars
   6898:13  warning  'k' is defined but never used                               no-unused-vars
   6973:13  warning  'engine' is assigned a value but never used                 no-unused-vars
   7010:13  warning  'engine' is assigned a value but never used                 no-unused-vars
   7072:13  warning  'engine' is assigned a value but never used                 no-unused-vars
   7186:13  warning  'corrected' is defined but never used                       no-unused-vars
   7187:13  warning  'bodyA' is defined but never used                           no-unused-vars
   7188:13  warning  'bodyB' is defined but never used                           no-unused-vars
   7269:13  warning  'corrected' is defined but never used                       no-unused-vars
   7273:13  warning  'j' is defined but never used                               no-unused-vars
   7321:13  warning  'engine' is assigned a value but never used                 no-unused-vars
   7861:25  warning  'exports' is defined but never used                         no-unused-vars
   8180:79  warning  'worldBounds' is defined but never used                     no-unused-vars
   8994:23  warning  Unexpected constant condition                               no-constant-condition
  10502:5   warning  'Bounds' is assigned a value but never used                 no-unused-vars
  10738:5   warning  'Common' is assigned a value but never used                 no-unused-vars

/home/runner/work/exp-single-span-beams-iiith/exp-single-span-beams-iiith/experiment/simulation/js/matter.min.js
  6:66     warning  'module' is not defined                                          no-undef
  6:112    warning  'define' is not defined                                          no-undef
  6:123    warning  'define' is not defined                                          no-undef
  6:170    warning  'exports' is not defined                                         no-undef
  6:1157   warning  't' is defined but never used                                    no-unused-vars
  6:5142   warning  'global' is not defined                                          no-undef
  6:5198   warning  't' is defined but never used                                    no-unused-vars
  6:5996   warning  't' is defined but never used                                    no-unused-vars
  6:10682  warning  Expected a conditional expression and instead saw an assignment  no-cond-assign
  6:19776  warning  Expected a conditional expression and instead saw an assignment  no-cond-assign
  6:45954  warning  't' is defined but never used                                    no-unused-vars
  6:47634  warning  'n' is defined but never used                                    no-unused-vars
  6:59135  warning  't' is defined but never used                                    no-unused-vars
  6:61692  warning  'o' is defined but never used                                    no-unused-vars
  6:66057  warning  Expected a conditional expression and instead saw an assignment  no-cond-assign

/home/runner/work/exp-single-span-beams-iiith/exp-single-span-beams-iiith/experiment/simulation/old-source/flash simulation/vlab2/script.js
   3:30   warning  'i' is already defined                      no-redeclare
   4:55   warning  'ret' is assigned a value but never used    no-unused-vars
  23:39   warning  'i' is already defined                      no-redeclare
  29:328  warning  'jnlp' is defined but never used            no-unused-vars
  29:392  warning  'minimumVersion' is defined but never used  no-unused-vars
  36:241  warning  Empty block statement                       no-empty
  40:75   warning  'i' is already defined                      no-redeclare
  41:27   warning  'i' is already defined                      no-redeclare
  45:128  warning  'ActiveXObject' is not defined              no-undef
  47:16   warning  'ActiveXObject' is not defined              no-undef
  47:199  warning  'oClientCaps' is not defined                no-undef
  49:47   warning  's' is not defined                          no-undef
  49:83   warning  's' is not defined                          no-undef
  51:91   warning  's' is not defined                          no-undef
  51:129  warning  's' is not defined                          no-undef
  51:249  warning  's' is not defined                          no-undef
  57:100  warning  'name' is defined but never used            no-unused-vars
  57:105  warning  'result' is defined but never used          no-unused-vars
  62:9    warning  'i' is already defined                      no-redeclare
  64:508  warning  Unnecessary semicolon                       no-extra-semi
  67:21   warning  'i' is already defined                      no-redeclare
  68:201  warning  Empty block statement                       no-empty
  69:58   warning  Empty block statement                       no-empty
  70:52   warning  Empty block statement                       no-empty

/home/runner/work/exp-single-span-beams-iiith/exp-single-span-beams-iiith/experiment/simulation/old-source/js/bulma-slider.min.js
  1:66    warning  'module' is not defined        no-undef
  1:112   warning  'define' is not defined        no-undef
  1:123   warning  'define' is not defined        no-undef
  1:161   warning  'exports' is not defined       no-undef
  1:1622  warning  't' is defined but never used  no-unused-vars
  1:4532  warning  'n' is defined but never used  no-unused-vars

/home/runner/work/exp-single-span-beams-iiith/exp-single-span-beams-iiith/experiment/simulation/old-source/js/main.js
   31:10  warning  'setDefaults' is defined but never used                          no-unused-vars
   40:21  warning  'anime' is not defined                                           no-undef
   55:10  warning  'myFunction' is defined but never used                           no-unused-vars
   70:1   warning  Move function declaration to function body root                  no-inner-declarations
   71:1   warning  'anime' is not defined                                           no-undef
   90:1   warning  'anime' is not defined                                           no-undef
   98:2   warning  'anime' is not defined                                           no-undef
  111:9   warning  Move function declaration to function body root                  no-inner-declarations
  141:10  warning  'getOption' is defined but never used                            no-unused-vars
  142:5   warning  'selectElement' is not defined                                   no-undef
  143:5   warning  'boundaryType' is not defined                                    no-undef
  143:20  warning  'selectElement' is not defined                                   no-undef
  144:59  warning  'boundaryType' is not defined                                    no-undef
  145:17  warning  'boundaryType' is not defined                                    no-undef
  148:10  warning  'displayRadioValue' is defined but never used                    no-unused-vars
  151:10  warning  'i' is not defined                                               no-undef
  151:17  warning  'i' is not defined                                               no-undef
  151:33  warning  'i' is not defined                                               no-undef
  153:13  warning  Expected a conditional expression and instead saw an assignment  no-cond-assign
  153:13  warning  Unexpected constant condition                                    no-constant-condition
  153:17  warning  'i' is not defined                                               no-undef
  155:21  warning  'i' is not defined                                               no-undef
  156:67  warning  'i' is not defined                                               no-undef
  162:10  warning  'adjustRectLength' is defined but never used                     no-unused-vars
  164:1   warning  'anime' is not defined                                           no-undef
  170:1   warning  'anime' is not defined                                           no-undef
  184:9   warning  'arrowMarginfLeft' is assigned a value but never used            no-unused-vars
  200:62  warning  Unnecessary semicolon                                            no-extra-semi
  210:10  warning  'adjustRectBreadth' is defined but never used                    no-unused-vars
  212:1   warning  'anime' is not defined                                           no-undef
  218:1   warning  'anime' is not defined                                           no-undef
  229:9   warning  'y' is assigned a value but never used                           no-unused-vars
  234:9   warning  'top' is assigned a value but never used                         no-unused-vars

✖ 211 problems (0 errors, 211 warnings)
  0 errors and 2 warnings potentially fixable with the `--fix` option.

